22:19:31.404 [main][INFO ] api.test.UserTest - *************Creating User************
22:19:36.736 [main][INFO ] api.test.UserTest - *************User is Created************
22:19:36.771 [main][INFO ] api.test.UserTest - *************Reading User Info************
22:19:39.303 [main][INFO ] api.test.UserTest - ************User Info IS Displayed************
22:19:39.310 [main][INFO ] api.test.UserTest - ************Updating User Info************
22:19:43.669 [main][INFO ] api.test.UserTest - ************User Info IS Updated************
22:19:43.674 [main][INFO ] api.test.UserTest - ************deleting user Info************
22:19:45.906 [main][INFO ] api.test.UserTest - ************User Info IS Deleted************
22:26:52.079 [main][INFO ] api.test.UserTest - *************Creating User************
22:26:57.031 [main][INFO ] api.test.UserTest - *************User is Created************
22:26:57.055 [main][INFO ] api.test.UserTest - *************Reading User Info************
22:27:00.033 [main][INFO ] api.test.UserTest - ************User Info IS Displayed************
22:27:00.040 [main][INFO ] api.test.UserTest - ************Updating User Info************
22:27:05.279 [main][INFO ] api.test.UserTest - ************User Info IS Updated************
22:27:05.284 [main][INFO ] api.test.UserTest - ************deleting user Info************
22:27:07.716 [main][INFO ] api.test.UserTest - ************User Info IS Deleted************
16:47:55.774 [main][INFO ] api.test.UserTest1 - *************Creating User************
16:47:58.089 [main][INFO ] api.test.UserTest1 - *************Reading User Info************
16:47:58.164 [main][INFO ] api.test.UserTest1 - ************Updating User Info************
16:47:58.200 [main][INFO ] api.test.UserTest1 - ************deleting user Info************
16:48:18.957 [main][INFO ] api.test.UserTest1 - *************Creating User************
16:48:24.688 [main][INFO ] api.test.UserTest1 - *************User is Created************
16:48:24.713 [main][INFO ] api.test.UserTest1 - *************Reading User Info************
16:48:26.444 [main][INFO ] api.test.UserTest1 - ************User Info IS Displayed************
16:48:26.453 [main][INFO ] api.test.UserTest1 - ************Updating User Info************
16:48:30.277 [main][INFO ] api.test.UserTest1 - ************User Info IS Updated************
16:48:30.281 [main][INFO ] api.test.UserTest1 - ************deleting user Info************
16:48:32.260 [main][INFO ] api.test.UserTest1 - ************User Info IS Deleted************
17:13:08.152 [main][DEBUG] org.apache.poi.openxml4j.opc.PackageRelationshipCollection - Parsing relationship: /xl/_rels/workbook.xml.rels
17:13:08.159 [main][DEBUG] org.apache.poi.openxml4j.opc.PackageRelationshipCollection - Parsing relationship: /xl/worksheets/_rels/sheet1.xml.rels
17:13:08.161 [main][DEBUG] org.apache.poi.openxml4j.opc.PackageRelationshipCollection - Parsing relationship: /_rels/.rels
17:13:08.896 [main][DEBUG] org.apache.poi.ooxml.POIXMLFactory - using default POIXMLDocumentPart for http://schemas.openxmlformats.org/officeDocument/2006/relationships/printerSettings
17:13:09.085 [main][DEBUG] org.apache.poi.openxml4j.opc.PackageRelationshipCollection - Parsing relationship: /xl/_rels/workbook.xml.rels
17:13:09.087 [main][DEBUG] org.apache.poi.openxml4j.opc.PackageRelationshipCollection - Parsing relationship: /xl/worksheets/_rels/sheet1.xml.rels
17:13:09.088 [main][DEBUG] org.apache.poi.openxml4j.opc.PackageRelationshipCollection - Parsing relationship: /_rels/.rels
17:13:09.117 [main][DEBUG] org.apache.poi.ooxml.POIXMLFactory - using default POIXMLDocumentPart for http://schemas.openxmlformats.org/officeDocument/2006/relationships/printerSettings
17:13:09.137 [main][DEBUG] org.apache.poi.openxml4j.opc.PackageRelationshipCollection - Parsing relationship: /xl/_rels/workbook.xml.rels
17:13:09.138 [main][DEBUG] org.apache.poi.openxml4j.opc.PackageRelationshipCollection - Parsing relationship: /xl/worksheets/_rels/sheet1.xml.rels
17:13:09.139 [main][DEBUG] org.apache.poi.openxml4j.opc.PackageRelationshipCollection - Parsing relationship: /_rels/.rels
17:13:09.210 [main][DEBUG] org.apache.poi.ooxml.POIXMLFactory - using default POIXMLDocumentPart for http://schemas.openxmlformats.org/officeDocument/2006/relationships/printerSettings
17:13:09.325 [main][DEBUG] org.apache.poi.openxml4j.opc.PackageRelationshipCollection - Parsing relationship: /xl/_rels/workbook.xml.rels
17:13:09.326 [main][DEBUG] org.apache.poi.openxml4j.opc.PackageRelationshipCollection - Parsing relationship: /xl/worksheets/_rels/sheet1.xml.rels
17:13:09.328 [main][DEBUG] org.apache.poi.openxml4j.opc.PackageRelationshipCollection - Parsing relationship: /_rels/.rels
17:13:09.341 [main][DEBUG] org.apache.poi.ooxml.POIXMLFactory - using default POIXMLDocumentPart for http://schemas.openxmlformats.org/officeDocument/2006/relationships/printerSettings
17:13:09.362 [main][DEBUG] org.apache.poi.openxml4j.opc.PackageRelationshipCollection - Parsing relationship: /xl/_rels/workbook.xml.rels
17:13:09.363 [main][DEBUG] org.apache.poi.openxml4j.opc.PackageRelationshipCollection - Parsing relationship: /xl/worksheets/_rels/sheet1.xml.rels
17:13:09.364 [main][DEBUG] org.apache.poi.openxml4j.opc.PackageRelationshipCollection - Parsing relationship: /_rels/.rels
17:13:09.376 [main][DEBUG] org.apache.poi.ooxml.POIXMLFactory - using default POIXMLDocumentPart for http://schemas.openxmlformats.org/officeDocument/2006/relationships/printerSettings
17:13:09.390 [main][DEBUG] org.apache.poi.openxml4j.opc.PackageRelationshipCollection - Parsing relationship: /xl/_rels/workbook.xml.rels
17:13:09.392 [main][DEBUG] org.apache.poi.openxml4j.opc.PackageRelationshipCollection - Parsing relationship: /xl/worksheets/_rels/sheet1.xml.rels
17:13:09.393 [main][DEBUG] org.apache.poi.openxml4j.opc.PackageRelationshipCollection - Parsing relationship: /_rels/.rels
17:13:09.408 [main][DEBUG] org.apache.poi.ooxml.POIXMLFactory - using default POIXMLDocumentPart for http://schemas.openxmlformats.org/officeDocument/2006/relationships/printerSettings
17:13:09.423 [main][DEBUG] org.apache.poi.openxml4j.opc.PackageRelationshipCollection - Parsing relationship: /xl/_rels/workbook.xml.rels
17:13:09.425 [main][DEBUG] org.apache.poi.openxml4j.opc.PackageRelationshipCollection - Parsing relationship: /xl/worksheets/_rels/sheet1.xml.rels
17:13:09.426 [main][DEBUG] org.apache.poi.openxml4j.opc.PackageRelationshipCollection - Parsing relationship: /_rels/.rels
17:13:09.436 [main][DEBUG] org.apache.poi.ooxml.POIXMLFactory - using default POIXMLDocumentPart for http://schemas.openxmlformats.org/officeDocument/2006/relationships/printerSettings
17:13:09.451 [main][DEBUG] org.apache.poi.openxml4j.opc.PackageRelationshipCollection - Parsing relationship: /xl/_rels/workbook.xml.rels
17:13:09.452 [main][DEBUG] org.apache.poi.openxml4j.opc.PackageRelationshipCollection - Parsing relationship: /xl/worksheets/_rels/sheet1.xml.rels
17:13:09.453 [main][DEBUG] org.apache.poi.openxml4j.opc.PackageRelationshipCollection - Parsing relationship: /_rels/.rels
17:13:09.466 [main][DEBUG] org.apache.poi.ooxml.POIXMLFactory - using default POIXMLDocumentPart for http://schemas.openxmlformats.org/officeDocument/2006/relationships/printerSettings
17:13:09.511 [main][DEBUG] org.apache.poi.openxml4j.opc.PackageRelationshipCollection - Parsing relationship: /xl/_rels/workbook.xml.rels
17:13:09.512 [main][DEBUG] org.apache.poi.openxml4j.opc.PackageRelationshipCollection - Parsing relationship: /xl/worksheets/_rels/sheet1.xml.rels
17:13:09.513 [main][DEBUG] org.apache.poi.openxml4j.opc.PackageRelationshipCollection - Parsing relationship: /_rels/.rels
17:13:09.529 [main][DEBUG] org.apache.poi.ooxml.POIXMLFactory - using default POIXMLDocumentPart for http://schemas.openxmlformats.org/officeDocument/2006/relationships/printerSettings
17:13:09.552 [main][DEBUG] org.apache.poi.openxml4j.opc.PackageRelationshipCollection - Parsing relationship: /xl/_rels/workbook.xml.rels
17:13:09.555 [main][DEBUG] org.apache.poi.openxml4j.opc.PackageRelationshipCollection - Parsing relationship: /xl/worksheets/_rels/sheet1.xml.rels
17:13:09.556 [main][DEBUG] org.apache.poi.openxml4j.opc.PackageRelationshipCollection - Parsing relationship: /_rels/.rels
17:13:09.567 [main][DEBUG] org.apache.poi.ooxml.POIXMLFactory - using default POIXMLDocumentPart for http://schemas.openxmlformats.org/officeDocument/2006/relationships/printerSettings
17:13:09.582 [main][DEBUG] org.apache.poi.openxml4j.opc.PackageRelationshipCollection - Parsing relationship: /xl/_rels/workbook.xml.rels
17:13:09.583 [main][DEBUG] org.apache.poi.openxml4j.opc.PackageRelationshipCollection - Parsing relationship: /xl/worksheets/_rels/sheet1.xml.rels
17:13:09.583 [main][DEBUG] org.apache.poi.openxml4j.opc.PackageRelationshipCollection - Parsing relationship: /_rels/.rels
17:13:09.593 [main][DEBUG] org.apache.poi.ooxml.POIXMLFactory - using default POIXMLDocumentPart for http://schemas.openxmlformats.org/officeDocument/2006/relationships/printerSettings
17:13:09.605 [main][DEBUG] org.apache.poi.openxml4j.opc.PackageRelationshipCollection - Parsing relationship: /xl/_rels/workbook.xml.rels
17:13:09.606 [main][DEBUG] org.apache.poi.openxml4j.opc.PackageRelationshipCollection - Parsing relationship: /xl/worksheets/_rels/sheet1.xml.rels
17:13:09.607 [main][DEBUG] org.apache.poi.openxml4j.opc.PackageRelationshipCollection - Parsing relationship: /_rels/.rels
17:13:09.617 [main][DEBUG] org.apache.poi.ooxml.POIXMLFactory - using default POIXMLDocumentPart for http://schemas.openxmlformats.org/officeDocument/2006/relationships/printerSettings
17:13:09.629 [main][DEBUG] org.apache.poi.openxml4j.opc.PackageRelationshipCollection - Parsing relationship: /xl/_rels/workbook.xml.rels
17:13:09.630 [main][DEBUG] org.apache.poi.openxml4j.opc.PackageRelationshipCollection - Parsing relationship: /xl/worksheets/_rels/sheet1.xml.rels
17:13:09.631 [main][DEBUG] org.apache.poi.openxml4j.opc.PackageRelationshipCollection - Parsing relationship: /_rels/.rels
17:13:09.640 [main][DEBUG] org.apache.poi.ooxml.POIXMLFactory - using default POIXMLDocumentPart for http://schemas.openxmlformats.org/officeDocument/2006/relationships/printerSettings
17:13:09.653 [main][DEBUG] org.apache.poi.openxml4j.opc.PackageRelationshipCollection - Parsing relationship: /xl/_rels/workbook.xml.rels
17:13:09.655 [main][DEBUG] org.apache.poi.openxml4j.opc.PackageRelationshipCollection - Parsing relationship: /xl/worksheets/_rels/sheet1.xml.rels
17:13:09.656 [main][DEBUG] org.apache.poi.openxml4j.opc.PackageRelationshipCollection - Parsing relationship: /_rels/.rels
17:13:09.690 [main][DEBUG] org.apache.poi.ooxml.POIXMLFactory - using default POIXMLDocumentPart for http://schemas.openxmlformats.org/officeDocument/2006/relationships/printerSettings
17:13:09.710 [main][DEBUG] org.apache.poi.openxml4j.opc.PackageRelationshipCollection - Parsing relationship: /xl/_rels/workbook.xml.rels
17:13:09.711 [main][DEBUG] org.apache.poi.openxml4j.opc.PackageRelationshipCollection - Parsing relationship: /xl/worksheets/_rels/sheet1.xml.rels
17:13:09.712 [main][DEBUG] org.apache.poi.openxml4j.opc.PackageRelationshipCollection - Parsing relationship: /_rels/.rels
17:13:09.720 [main][DEBUG] org.apache.poi.ooxml.POIXMLFactory - using default POIXMLDocumentPart for http://schemas.openxmlformats.org/officeDocument/2006/relationships/printerSettings
17:13:09.780 [main][DEBUG] org.apache.poi.openxml4j.opc.PackageRelationshipCollection - Parsing relationship: /xl/_rels/workbook.xml.rels
17:13:09.781 [main][DEBUG] org.apache.poi.openxml4j.opc.PackageRelationshipCollection - Parsing relationship: /xl/worksheets/_rels/sheet1.xml.rels
17:13:09.781 [main][DEBUG] org.apache.poi.openxml4j.opc.PackageRelationshipCollection - Parsing relationship: /_rels/.rels
17:13:09.794 [main][DEBUG] org.apache.poi.ooxml.POIXMLFactory - using default POIXMLDocumentPart for http://schemas.openxmlformats.org/officeDocument/2006/relationships/printerSettings
17:13:09.807 [main][DEBUG] org.apache.poi.openxml4j.opc.PackageRelationshipCollection - Parsing relationship: /xl/_rels/workbook.xml.rels
17:13:09.808 [main][DEBUG] org.apache.poi.openxml4j.opc.PackageRelationshipCollection - Parsing relationship: /xl/worksheets/_rels/sheet1.xml.rels
17:13:09.809 [main][DEBUG] org.apache.poi.openxml4j.opc.PackageRelationshipCollection - Parsing relationship: /_rels/.rels
17:13:09.816 [main][DEBUG] org.apache.poi.ooxml.POIXMLFactory - using default POIXMLDocumentPart for http://schemas.openxmlformats.org/officeDocument/2006/relationships/printerSettings
17:13:09.827 [main][DEBUG] org.apache.poi.openxml4j.opc.PackageRelationshipCollection - Parsing relationship: /xl/_rels/workbook.xml.rels
17:13:09.828 [main][DEBUG] org.apache.poi.openxml4j.opc.PackageRelationshipCollection - Parsing relationship: /xl/worksheets/_rels/sheet1.xml.rels
17:13:09.829 [main][DEBUG] org.apache.poi.openxml4j.opc.PackageRelationshipCollection - Parsing relationship: /_rels/.rels
17:13:09.837 [main][DEBUG] org.apache.poi.ooxml.POIXMLFactory - using default POIXMLDocumentPart for http://schemas.openxmlformats.org/officeDocument/2006/relationships/printerSettings
17:13:09.847 [main][DEBUG] org.apache.poi.openxml4j.opc.PackageRelationshipCollection - Parsing relationship: /xl/_rels/workbook.xml.rels
17:13:09.849 [main][DEBUG] org.apache.poi.openxml4j.opc.PackageRelationshipCollection - Parsing relationship: /xl/worksheets/_rels/sheet1.xml.rels
17:13:09.849 [main][DEBUG] org.apache.poi.openxml4j.opc.PackageRelationshipCollection - Parsing relationship: /_rels/.rels
17:13:09.856 [main][DEBUG] org.apache.poi.ooxml.POIXMLFactory - using default POIXMLDocumentPart for http://schemas.openxmlformats.org/officeDocument/2006/relationships/printerSettings
17:13:09.866 [main][DEBUG] org.apache.poi.openxml4j.opc.PackageRelationshipCollection - Parsing relationship: /xl/_rels/workbook.xml.rels
17:13:09.867 [main][DEBUG] org.apache.poi.openxml4j.opc.PackageRelationshipCollection - Parsing relationship: /xl/worksheets/_rels/sheet1.xml.rels
17:13:09.868 [main][DEBUG] org.apache.poi.openxml4j.opc.PackageRelationshipCollection - Parsing relationship: /_rels/.rels
17:13:09.879 [main][DEBUG] org.apache.poi.ooxml.POIXMLFactory - using default POIXMLDocumentPart for http://schemas.openxmlformats.org/officeDocument/2006/relationships/printerSettings
17:13:09.892 [main][DEBUG] org.apache.poi.openxml4j.opc.PackageRelationshipCollection - Parsing relationship: /xl/_rels/workbook.xml.rels
17:13:09.893 [main][DEBUG] org.apache.poi.openxml4j.opc.PackageRelationshipCollection - Parsing relationship: /xl/worksheets/_rels/sheet1.xml.rels
17:13:09.894 [main][DEBUG] org.apache.poi.openxml4j.opc.PackageRelationshipCollection - Parsing relationship: /_rels/.rels
17:13:09.903 [main][DEBUG] org.apache.poi.ooxml.POIXMLFactory - using default POIXMLDocumentPart for http://schemas.openxmlformats.org/officeDocument/2006/relationships/printerSettings
17:13:09.945 [main][DEBUG] org.apache.poi.openxml4j.opc.PackageRelationshipCollection - Parsing relationship: /xl/_rels/workbook.xml.rels
17:13:09.946 [main][DEBUG] org.apache.poi.openxml4j.opc.PackageRelationshipCollection - Parsing relationship: /xl/worksheets/_rels/sheet1.xml.rels
17:13:09.947 [main][DEBUG] org.apache.poi.openxml4j.opc.PackageRelationshipCollection - Parsing relationship: /_rels/.rels
17:13:09.960 [main][DEBUG] org.apache.poi.ooxml.POIXMLFactory - using default POIXMLDocumentPart for http://schemas.openxmlformats.org/officeDocument/2006/relationships/printerSettings
17:13:09.982 [main][DEBUG] org.apache.poi.openxml4j.opc.PackageRelationshipCollection - Parsing relationship: /xl/_rels/workbook.xml.rels
17:13:09.983 [main][DEBUG] org.apache.poi.openxml4j.opc.PackageRelationshipCollection - Parsing relationship: /xl/worksheets/_rels/sheet1.xml.rels
17:13:09.984 [main][DEBUG] org.apache.poi.openxml4j.opc.PackageRelationshipCollection - Parsing relationship: /_rels/.rels
17:13:09.994 [main][DEBUG] org.apache.poi.ooxml.POIXMLFactory - using default POIXMLDocumentPart for http://schemas.openxmlformats.org/officeDocument/2006/relationships/printerSettings
17:13:20.300 [main][DEBUG] org.apache.poi.openxml4j.opc.PackageRelationshipCollection - Parsing relationship: /xl/_rels/workbook.xml.rels
17:13:20.301 [main][DEBUG] org.apache.poi.openxml4j.opc.PackageRelationshipCollection - Parsing relationship: /xl/worksheets/_rels/sheet1.xml.rels
17:13:20.302 [main][DEBUG] org.apache.poi.openxml4j.opc.PackageRelationshipCollection - Parsing relationship: /_rels/.rels
17:13:20.309 [main][DEBUG] org.apache.poi.ooxml.POIXMLFactory - using default POIXMLDocumentPart for http://schemas.openxmlformats.org/officeDocument/2006/relationships/printerSettings
17:13:20.319 [main][DEBUG] org.apache.poi.openxml4j.opc.PackageRelationshipCollection - Parsing relationship: /xl/_rels/workbook.xml.rels
17:13:20.320 [main][DEBUG] org.apache.poi.openxml4j.opc.PackageRelationshipCollection - Parsing relationship: /xl/worksheets/_rels/sheet1.xml.rels
17:13:20.321 [main][DEBUG] org.apache.poi.openxml4j.opc.PackageRelationshipCollection - Parsing relationship: /_rels/.rels
17:13:20.330 [main][DEBUG] org.apache.poi.ooxml.POIXMLFactory - using default POIXMLDocumentPart for http://schemas.openxmlformats.org/officeDocument/2006/relationships/printerSettings
17:13:20.340 [main][DEBUG] org.apache.poi.openxml4j.opc.PackageRelationshipCollection - Parsing relationship: /xl/_rels/workbook.xml.rels
17:13:20.341 [main][DEBUG] org.apache.poi.openxml4j.opc.PackageRelationshipCollection - Parsing relationship: /xl/worksheets/_rels/sheet1.xml.rels
17:13:20.342 [main][DEBUG] org.apache.poi.openxml4j.opc.PackageRelationshipCollection - Parsing relationship: /_rels/.rels
17:13:20.350 [main][DEBUG] org.apache.poi.ooxml.POIXMLFactory - using default POIXMLDocumentPart for http://schemas.openxmlformats.org/officeDocument/2006/relationships/printerSettings
17:13:20.360 [main][DEBUG] org.apache.poi.openxml4j.opc.PackageRelationshipCollection - Parsing relationship: /xl/_rels/workbook.xml.rels
17:13:20.361 [main][DEBUG] org.apache.poi.openxml4j.opc.PackageRelationshipCollection - Parsing relationship: /xl/worksheets/_rels/sheet1.xml.rels
17:13:20.362 [main][DEBUG] org.apache.poi.openxml4j.opc.PackageRelationshipCollection - Parsing relationship: /_rels/.rels
17:13:20.371 [main][DEBUG] org.apache.poi.ooxml.POIXMLFactory - using default POIXMLDocumentPart for http://schemas.openxmlformats.org/officeDocument/2006/relationships/printerSettings
17:13:28.832 [main][INFO ] api.test.UserTest - *************Creating User************
17:13:30.860 [main][INFO ] api.test.UserTest - *************User is Created************
17:13:30.869 [main][INFO ] api.test.UserTest - *************Reading User Info************
17:13:32.763 [main][INFO ] api.test.UserTest - ************User Info IS Displayed************
17:13:32.765 [main][INFO ] api.test.UserTest - ************Updating User Info************
17:13:37.688 [main][INFO ] api.test.UserTest - ************User Info IS Updated************
17:13:37.690 [main][INFO ] api.test.UserTest - ************deleting user Info************
17:13:40.123 [main][INFO ] api.test.UserTest - ************User Info IS Deleted************
17:15:57.976 [main][INFO ] api.test.UserTest1 - *************Creating User************
17:16:02.678 [main][INFO ] api.test.UserTest1 - *************User is Created************
17:16:02.704 [main][INFO ] api.test.UserTest1 - *************Reading User Info************
17:16:05.125 [main][INFO ] api.test.UserTest1 - ************User Info IS Displayed************
17:16:05.128 [main][INFO ] api.test.UserTest1 - ************Updating User Info************
17:16:10.251 [main][INFO ] api.test.UserTest1 - ************User Info IS Updated************
17:16:10.256 [main][INFO ] api.test.UserTest1 - ************deleting user Info************
17:16:12.901 [main][INFO ] api.test.UserTest1 - ************User Info IS Deleted************
21:47:14.431 [main][INFO ] api.test.UserTest1 - *************Creating User************
21:47:17.228 [main][INFO ] api.test.UserTest1 - *************Reading User Info************
21:47:17.270 [main][INFO ] api.test.UserTest1 - ************Updating User Info************
21:47:17.299 [main][INFO ] api.test.UserTest1 - ************deleting user Info************
21:48:01.628 [main][INFO ] api.test.UserTest1 - *************Creating User************
21:48:07.140 [main][INFO ] api.test.UserTest1 - *************User is Created************
21:48:07.153 [main][INFO ] api.test.UserTest1 - *************Reading User Info************
21:48:09.630 [main][INFO ] api.test.UserTest1 - ************User Info IS Displayed************
21:48:09.634 [main][INFO ] api.test.UserTest1 - ************Updating User Info************
21:48:15.078 [main][INFO ] api.test.UserTest1 - ************User Info IS Updated************
21:48:15.083 [main][INFO ] api.test.UserTest1 - ************deleting user Info************
21:48:17.301 [main][INFO ] api.test.UserTest1 - ************User Info IS Deleted************
21:48:55.824 [main][INFO ] api.test.UserTest1 - *************Creating User************
21:49:00.665 [main][INFO ] api.test.UserTest1 - *************User is Created************
21:49:00.681 [main][INFO ] api.test.UserTest1 - *************Reading User Info************
21:49:03.073 [main][INFO ] api.test.UserTest1 - ************User Info IS Displayed************
21:49:03.076 [main][INFO ] api.test.UserTest1 - ************Updating User Info************
21:49:08.507 [main][INFO ] api.test.UserTest1 - ************User Info IS Updated************
21:49:08.513 [main][INFO ] api.test.UserTest1 - ************deleting user Info************
21:49:11.080 [main][INFO ] api.test.UserTest1 - ************User Info IS Deleted************
21:54:52.911 [main][INFO ] api.test.UserTest1 - *************Creating User************
21:54:57.449 [main][INFO ] api.test.UserTest1 - *************User is Created************
21:54:57.470 [main][INFO ] api.test.UserTest1 - *************Reading User Info************
21:54:59.934 [main][INFO ] api.test.UserTest1 - ************User Info IS Displayed************
21:54:59.937 [main][INFO ] api.test.UserTest1 - ************Updating User Info************
21:55:04.115 [main][INFO ] api.test.UserTest1 - ************User Info IS Updated************
21:55:04.118 [main][INFO ] api.test.UserTest1 - ************deleting user Info************
21:55:06.653 [main][INFO ] api.test.UserTest1 - ************User Info IS Deleted************
22:20:42.959 [main][INFO ] api.test.UserTest1 - *************Creating User************
22:20:47.344 [main][INFO ] api.test.UserTest1 - *************User is Created************
22:20:47.367 [main][INFO ] api.test.UserTest1 - *************Reading User Info************
22:20:49.476 [main][INFO ] api.test.UserTest1 - ************User Info IS Displayed************
22:20:49.478 [main][INFO ] api.test.UserTest1 - ************Updating User Info************
22:20:53.259 [main][INFO ] api.test.UserTest1 - ************User Info IS Updated************
22:20:53.261 [main][INFO ] api.test.UserTest1 - ************deleting user Info************
22:20:55.005 [main][INFO ] api.test.UserTest1 - ************User Info IS Deleted************
